Info: Starting: Create block symbol file (.bsf)
Info: qsys-generate C:\JBL\Altera_Nios\nios2e.qsys --block-symbol-file --output-directory=C:\JBL\Altera_Nios\nios2e --family="Cyclone IV E" --part=EP4CE6E22C8
Progress: Loading Altera_Nios/nios2e.qsys
Progress: Reading input file
Progress: Adding DECODE0 [altera_avalon_pio 18.1]
Progress: Parameterizing module DECODE0
Progress: Adding DECODE1 [altera_avalon_pio 18.1]
Progress: Parameterizing module DECODE1
Progress: Adding DECODE2 [altera_avalon_pio 18.1]
Progress: Parameterizing module DECODE2
Progress: Adding DECODE3 [altera_avalon_pio 18.1]
Progress: Parameterizing module DECODE3
Progress: Adding DECODE4 [altera_avalon_pio 18.1]
Progress: Parameterizing module DECODE4
Progress: Adding HEX0 [altera_avalon_pio 18.1]
Progress: Parameterizing module HEX0
Progress: Adding PERIOD0 [altera_avalon_pio 18.1]
Progress: Parameterizing module PERIOD0
Progress: Adding PERIOD1 [altera_avalon_pio 18.1]
Progress: Parameterizing module PERIOD1
Progress: Adding PERIOD2 [altera_avalon_pio 18.1]
Progress: Parameterizing module PERIOD2
Progress: Adding PERIOD3 [altera_avalon_pio 18.1]
Progress: Parameterizing module PERIOD3
Progress: Adding PERIOD4 [altera_avalon_pio 18.1]
Progress: Parameterizing module PERIOD4
Progress: Adding PUSH [altera_avalon_pio 18.1]
Progress: Parameterizing module PUSH
Progress: Adding clk_0 [clock_source 18.1]
Progress: Parameterizing module clk_0
Progress: Adding nios2_qsys_0 [altera_nios2_gen2 18.1]
Progress: Parameterizing module nios2_qsys_0
Progress: Adding onchip_memory2_0 [altera_avalon_onchip_memory2 18.1]
Progress: Parameterizing module onchip_memory2_0
Progress: Building connections
Progress: Parameterizing connections
Progress: Validating
Progress: Done reading input file
Info: nios2e.PUSH: PIO inputs are not hardwired in test bench. Undefined values will be read from PIO inputs during simulation.
Info: qsys-generate succeeded.
Info: Finished: Create block symbol file (.bsf)
Info: 
Info: Starting: Create HDL design files for synthesis
Info: qsys-generate C:\JBL\Altera_Nios\nios2e.qsys --synthesis=VERILOG --output-directory=C:\JBL\Altera_Nios\nios2e\synthesis --family="Cyclone IV E" --part=EP4CE6E22C8
Progress: Loading Altera_Nios/nios2e.qsys
Progress: Reading input file
Progress: Adding DECODE0 [altera_avalon_pio 18.1]
Progress: Parameterizing module DECODE0
Progress: Adding DECODE1 [altera_avalon_pio 18.1]
Progress: Parameterizing module DECODE1
Progress: Adding DECODE2 [altera_avalon_pio 18.1]
Progress: Parameterizing module DECODE2
Progress: Adding DECODE3 [altera_avalon_pio 18.1]
Progress: Parameterizing module DECODE3
Progress: Adding DECODE4 [altera_avalon_pio 18.1]
Progress: Parameterizing module DECODE4
Progress: Adding HEX0 [altera_avalon_pio 18.1]
Progress: Parameterizing module HEX0
Progress: Adding PERIOD0 [altera_avalon_pio 18.1]
Progress: Parameterizing module PERIOD0
Progress: Adding PERIOD1 [altera_avalon_pio 18.1]
Progress: Parameterizing module PERIOD1
Progress: Adding PERIOD2 [altera_avalon_pio 18.1]
Progress: Parameterizing module PERIOD2
Progress: Adding PERIOD3 [altera_avalon_pio 18.1]
Progress: Parameterizing module PERIOD3
Progress: Adding PERIOD4 [altera_avalon_pio 18.1]
Progress: Parameterizing module PERIOD4
Progress: Adding PUSH [altera_avalon_pio 18.1]
Progress: Parameterizing module PUSH
Progress: Adding clk_0 [clock_source 18.1]
Progress: Parameterizing module clk_0
Progress: Adding nios2_qsys_0 [altera_nios2_gen2 18.1]
Progress: Parameterizing module nios2_qsys_0
Progress: Adding onchip_memory2_0 [altera_avalon_onchip_memory2 18.1]
Progress: Parameterizing module onchip_memory2_0
Progress: Building connections
Progress: Parameterizing connections
Progress: Validating
Progress: Done reading input file
Info: nios2e.PUSH: PIO inputs are not hardwired in test bench. Undefined values will be read from PIO inputs during simulation.
Info: nios2e: Generating nios2e "nios2e" for QUARTUS_SYNTH
Info: DECODE0: Starting RTL generation for module 'nios2e_DECODE0'
Info: DECODE0:   Generation command is [exec C:/intelfpga_lite/18.1/quartus/bin64/perl/bin/perl.exe -I C:/intelfpga_lite/18.1/quartus/bin64/perl/lib -I C:/intelfpga_lite/18.1/quartus/sopc_builder/bin/europa -I C:/intelfpga_lite/18.1/quartus/sopc_builder/bin/perl_lib -I C:/intelfpga_lite/18.1/quartus/sopc_builder/bin -I C:/intelfpga_lite/18.1/quartus/../ip/altera/sopc_builder_ip/common -I C:/intelfpga_lite/18.1/quartus/../ip/altera/sopc_builder_ip/altera_avalon_pio -- C:/intelfpga_lite/18.1/quartus/../ip/altera/sopc_builder_ip/altera_avalon_pio/generate_rtl.pl --name=nios2e_DECODE0 --dir=C:/Users/jblee/AppData/Local/Temp/alt8809_9087357033553610528.dir/0026_DECODE0_gen/ --quartus_dir=C:/intelfpga_lite/18.1/quartus --verilog --config=C:/Users/jblee/AppData/Local/Temp/alt8809_9087357033553610528.dir/0026_DECODE0_gen//nios2e_DECODE0_component_configuration.pl  --do_build_sim=0  ]
Info: DECODE0: Done RTL generation for module 'nios2e_DECODE0'
Info: DECODE0: "nios2e" instantiated altera_avalon_pio "DECODE0"
Info: HEX0: Starting RTL generation for module 'nios2e_HEX0'
Info: HEX0:   Generation command is [exec C:/intelfpga_lite/18.1/quartus/bin64/perl/bin/perl.exe -I C:/intelfpga_lite/18.1/quartus/bin64/perl/lib -I C:/intelfpga_lite/18.1/quartus/sopc_builder/bin/europa -I C:/intelfpga_lite/18.1/quartus/sopc_builder/bin/perl_lib -I C:/intelfpga_lite/18.1/quartus/sopc_builder/bin -I C:/intelfpga_lite/18.1/quartus/../ip/altera/sopc_builder_ip/common -I C:/intelfpga_lite/18.1/quartus/../ip/altera/sopc_builder_ip/altera_avalon_pio -- C:/intelfpga_lite/18.1/quartus/../ip/altera/sopc_builder_ip/altera_avalon_pio/generate_rtl.pl --name=nios2e_HEX0 --dir=C:/Users/jblee/AppData/Local/Temp/alt8809_9087357033553610528.dir/0027_HEX0_gen/ --quartus_dir=C:/intelfpga_lite/18.1/quartus --verilog --config=C:/Users/jblee/AppData/Local/Temp/alt8809_9087357033553610528.dir/0027_HEX0_gen//nios2e_HEX0_component_configuration.pl  --do_build_sim=0  ]
Info: HEX0: Done RTL generation for module 'nios2e_HEX0'
Info: HEX0: "nios2e" instantiated altera_avalon_pio "HEX0"
Info: PUSH: Starting RTL generation for module 'nios2e_PUSH'
Info: PUSH:   Generation command is [exec C:/intelfpga_lite/18.1/quartus/bin64/perl/bin/perl.exe -I C:/intelfpga_lite/18.1/quartus/bin64/perl/lib -I C:/intelfpga_lite/18.1/quartus/sopc_builder/bin/europa -I C:/intelfpga_lite/18.1/quartus/sopc_builder/bin/perl_lib -I C:/intelfpga_lite/18.1/quartus/sopc_builder/bin -I C:/intelfpga_lite/18.1/quartus/../ip/altera/sopc_builder_ip/common -I C:/intelfpga_lite/18.1/quartus/../ip/altera/sopc_builder_ip/altera_avalon_pio -- C:/intelfpga_lite/18.1/quartus/../ip/altera/sopc_builder_ip/altera_avalon_pio/generate_rtl.pl --name=nios2e_PUSH --dir=C:/Users/jblee/AppData/Local/Temp/alt8809_9087357033553610528.dir/0028_PUSH_gen/ --quartus_dir=C:/intelfpga_lite/18.1/quartus --verilog --config=C:/Users/jblee/AppData/Local/Temp/alt8809_9087357033553610528.dir/0028_PUSH_gen//nios2e_PUSH_component_configuration.pl  --do_build_sim=0  ]
Info: PUSH: Done RTL generation for module 'nios2e_PUSH'
Info: PUSH: "nios2e" instantiated altera_avalon_pio "PUSH"
Info: nios2_qsys_0: "nios2e" instantiated altera_nios2_gen2 "nios2_qsys_0"
Info: onchip_memory2_0: Starting RTL generation for module 'nios2e_onchip_memory2_0'
Info: onchip_memory2_0:   Generation command is [exec C:/intelfpga_lite/18.1/quartus/bin64/perl/bin/perl.exe -I C:/intelfpga_lite/18.1/quartus/bin64/perl/lib -I C:/intelfpga_lite/18.1/quartus/sopc_builder/bin/europa -I C:/intelfpga_lite/18.1/quartus/sopc_builder/bin/perl_lib -I C:/intelfpga_lite/18.1/quartus/sopc_builder/bin -I C:/intelfpga_lite/18.1/quartus/../ip/altera/sopc_builder_ip/common -I C:/intelfpga_lite/18.1/quartus/../ip/altera/sopc_builder_ip/altera_avalon_onchip_memory2 -- C:/intelfpga_lite/18.1/quartus/../ip/altera/sopc_builder_ip/altera_avalon_onchip_memory2/generate_rtl.pl --name=nios2e_onchip_memory2_0 --dir=C:/Users/jblee/AppData/Local/Temp/alt8809_9087357033553610528.dir/0029_onchip_memory2_0_gen/ --quartus_dir=C:/intelfpga_lite/18.1/quartus --verilog --config=C:/Users/jblee/AppData/Local/Temp/alt8809_9087357033553610528.dir/0029_onchip_memory2_0_gen//nios2e_onchip_memory2_0_component_configuration.pl  --do_build_sim=0  ]
Info: onchip_memory2_0: Done RTL generation for module 'nios2e_onchip_memory2_0'
Info: onchip_memory2_0: "nios2e" instantiated altera_avalon_onchip_memory2 "onchip_memory2_0"
Info: avalon_st_adapter: Inserting error_adapter: error_adapter_0
Info: avalon_st_adapter_001: Inserting error_adapter: error_adapter_0
Info: avalon_st_adapter_002: Inserting error_adapter: error_adapter_0
Info: avalon_st_adapter_003: Inserting error_adapter: error_adapter_0
Info: avalon_st_adapter_004: Inserting error_adapter: error_adapter_0
Info: avalon_st_adapter_005: Inserting error_adapter: error_adapter_0
Info: avalon_st_adapter_006: Inserting error_adapter: error_adapter_0
Info: avalon_st_adapter_007: Inserting error_adapter: error_adapter_0
Info: avalon_st_adapter_008: Inserting error_adapter: error_adapter_0
Info: avalon_st_adapter_009: Inserting error_adapter: error_adapter_0
Info: avalon_st_adapter_010: Inserting error_adapter: error_adapter_0
Info: avalon_st_adapter_011: Inserting error_adapter: error_adapter_0
Info: avalon_st_adapter_012: Inserting error_adapter: error_adapter_0
Info: avalon_st_adapter_013: Inserting error_adapter: error_adapter_0
Info: mm_interconnect_0: "nios2e" instantiated altera_mm_interconnect "mm_interconnect_0"
Info: irq_mapper: "nios2e" instantiated altera_irq_mapper "irq_mapper"
Info: rst_controller: "nios2e" instantiated altera_reset_controller "rst_controller"
Info: cpu: Starting RTL generation for module 'nios2e_nios2_qsys_0_cpu'
Info: cpu:   Generation command is [exec C:/intelFPGA_lite/18.1/quartus/bin64//eperlcmd.exe -I C:/intelFPGA_lite/18.1/quartus/bin64//perl/lib -I C:/intelfpga_lite/18.1/quartus/sopc_builder/bin/europa -I C:/intelfpga_lite/18.1/quartus/sopc_builder/bin/perl_lib -I C:/intelfpga_lite/18.1/quartus/sopc_builder/bin -I C:/intelfpga_lite/18.1/quartus/../ip/altera/nios2_ip/altera_nios2_gen2/cpu_lib -I C:/intelfpga_lite/18.1/quartus/../ip/altera/nios2_ip/altera_nios2_gen2/nios_lib -I C:/intelfpga_lite/18.1/quartus/../ip/altera/nios2_ip/altera_nios2_gen2 -I C:/intelfpga_lite/18.1/quartus/../ip/altera/nios2_ip/altera_nios2_gen2 -- C:/intelfpga_lite/18.1/quartus/../ip/altera/nios2_ip/altera_nios2_gen2/generate_rtl.epl --name=nios2e_nios2_qsys_0_cpu --dir=C:/Users/jblee/AppData/Local/Temp/alt8809_9087357033553610528.dir/0032_cpu_gen/ --quartus_bindir=C:/intelFPGA_lite/18.1/quartus/bin64/ --verilog --config=C:/Users/jblee/AppData/Local/Temp/alt8809_9087357033553610528.dir/0032_cpu_gen//nios2e_nios2_qsys_0_cpu_processor_configuration.pl  --do_build_sim=0  ]
Info: cpu: # 2021.07.01 23:01:24 (*) Starting Nios II generation
Info: cpu: # 2021.07.01 23:01:24 (*)   Checking for plaintext license.
Info: cpu: # 2021.07.01 23:01:25 (*)   Plaintext license not found.
Info: cpu: # 2021.07.01 23:01:25 (*)   No license required to generate encrypted Nios II/e.
Info: cpu: # 2021.07.01 23:01:25 (*)   Elaborating CPU configuration settings
Info: cpu: # 2021.07.01 23:01:25 (*)   Creating all objects for CPU
Info: cpu: # 2021.07.01 23:01:27 (*)   Generating RTL from CPU objects
Info: cpu: # 2021.07.01 23:01:27 (*)   Creating plain-text RTL
Info: cpu: # 2021.07.01 23:01:28 (*) Done Nios II generation
Info: cpu: Done RTL generation for module 'nios2e_nios2_qsys_0_cpu'
Info: cpu: "nios2_qsys_0" instantiated altera_nios2_gen2_unit "cpu"
Info: nios2_qsys_0_data_master_translator: "mm_interconnect_0" instantiated altera_merlin_master_translator "nios2_qsys_0_data_master_translator"
Info: nios2_qsys_0_debug_mem_slave_translator: "mm_interconnect_0" instantiated altera_merlin_slave_translator "nios2_qsys_0_debug_mem_slave_translator"
Info: nios2_qsys_0_data_master_agent: "mm_interconnect_0" instantiated altera_merlin_master_agent "nios2_qsys_0_data_master_agent"
Info: nios2_qsys_0_debug_mem_slave_agent: "mm_interconnect_0" instantiated altera_merlin_slave_agent "nios2_qsys_0_debug_mem_slave_agent"
Info: nios2_qsys_0_debug_mem_slave_agent_rsp_fifo: "mm_interconnect_0" instantiated altera_avalon_sc_fifo "nios2_qsys_0_debug_mem_slave_agent_rsp_fifo"
Info: router: "mm_interconnect_0" instantiated altera_merlin_router "router"
Info: router_001: "mm_interconnect_0" instantiated altera_merlin_router "router_001"
Info: router_002: "mm_interconnect_0" instantiated altera_merlin_router "router_002"
Info: router_003: "mm_interconnect_0" instantiated altera_merlin_router "router_003"
Info: cmd_demux: "mm_interconnect_0" instantiated altera_merlin_demultiplexer "cmd_demux"
Info: cmd_demux_001: "mm_interconnect_0" instantiated altera_merlin_demultiplexer "cmd_demux_001"
Info: cmd_mux: "mm_interconnect_0" instantiated altera_merlin_multiplexer "cmd_mux"
Info: cmd_mux_001: "mm_interconnect_0" instantiated altera_merlin_multiplexer "cmd_mux_001"
Info: Reusing file C:/JBL/Altera_Nios/nios2e/synthesis/submodules/altera_merlin_arbitrator.sv
Info: rsp_demux_001: "mm_interconnect_0" instantiated altera_merlin_demultiplexer "rsp_demux_001"
Info: rsp_mux: "mm_interconnect_0" instantiated altera_merlin_multiplexer "rsp_mux"
Info: Reusing file C:/JBL/Altera_Nios/nios2e/synthesis/submodules/altera_merlin_arbitrator.sv
Info: rsp_mux_001: "mm_interconnect_0" instantiated altera_merlin_multiplexer "rsp_mux_001"
Info: Reusing file C:/JBL/Altera_Nios/nios2e/synthesis/submodules/altera_merlin_arbitrator.sv
Info: avalon_st_adapter: "mm_interconnect_0" instantiated altera_avalon_st_adapter "avalon_st_adapter"
Info: error_adapter_0: "avalon_st_adapter" instantiated error_adapter "error_adapter_0"
Info: nios2e: Done "nios2e" with 28 modules, 41 files
Info: qsys-generate succeeded.
Info: Finished: Create HDL design files for synthesis
