06:31:13 **** Build of configuration Nios II for project app00 ****
make all 
Info: Building ../app00_bsp/
C:/intelFPGA_lite/18.1/nios2eds/bin/gnu/H-x86_64-mingw32/bin/make --no-print-directory -C ../app00_bsp/
[BSP build complete]
Info: Compiling hello_world_small.c to obj/default/hello_world_small.o
nios2-elf-gcc -xc -MP -MMD -c -I../app00_bsp//HAL/inc -I../app00_bsp/ -I../app00_bsp//drivers/inc  -pipe -D__hal__ -DALT_NO_C_PLUS_PLUS -DALT_NO_CLEAN_EXIT -D'exit(a)=_exit(a)' -DALT_NO_EXIT -DALT_USE_DIRECT_DRIVERS -DALT_NO_INSTRUCTION_EMULATION -DALT_USE_SMALL_DRIVERS -DSMALL_C_LIB -DALT_SINGLE_THREADED    -Os -g -Wall   -mno-hw-div -mno-hw-mul -mno-hw-mulx -mgpopt=global  -o obj/default/hello_world_small.o hello_world_small.c
hello_world_small.c: In function '_wait':
hello_world_small.c:19:15: warning: variable 'sum' set but not used [-Wunused-but-set-variable]
  volatile int sum, data;
               ^
hello_world_small.c: In function 'main':
hello_world_small.c:241:8: warning: 'reg1' may be used uninitialized in this function [-Wmaybe-uninitialized]
      if(reg1 != reg1old) {
        ^
Info: Linking app00.elf
nios2-elf-g++  -T'../app00_bsp//linker.x' -msys-crt0='../app00_bsp//obj/HAL/src/crt0.o' -msys-lib=hal_bsp -L../app00_bsp/  -msmallc  -Wl,-Map=app00.map   -Os -g -Wall   -mno-hw-div -mno-hw-mul -mno-hw-mulx -mgpopt=global  -o app00.elf obj/default/hello_world_small.o -lm -msys-lib=m
nios2-elf-insert app00.elf --thread_model hal --cpu_name nios2_qsys_0 --qsys true --simulation_enabled false --stderr_dev none --stdin_dev none --stdout_dev none --sopc_system_name nios2e --quartus_project_dir "C:/JBL/Altera_Nios" --jdi ../..//output_files/top_nios_sys.jdi --sopcinfo C:/JBL/Altera_Nios/software/app00_bsp/../../nios2e.sopcinfo
Info: (app00.elf) 5836 Bytes program size (code + initialized data).
Info:             10 KBytes free for stack + heap.
Info: Creating app00.objdump
nios2-elf-objdump --disassemble --syms --all-header --source app00.elf >app00.objdump
[app00 build complete]
06:31:28 **** Build of configuration Nios II for project app00 ****
make all 
Info: Building ../app00_bsp/
C:/intelFPGA_lite/18.1/nios2eds/bin/gnu/H-x86_64-mingw32/bin/make --no-print-directory -C ../app00_bsp/
[BSP build complete]
[app00 build complete]
06:31:30 **** Incremental Build of configuration Nios II for project app00 ****
make all 
Info: Building ../app00_bsp/
C:/intelFPGA_lite/18.1/nios2eds/bin/gnu/H-x86_64-mingw32/bin/make --no-print-directory -C ../app00_bsp/
[BSP build complete]
[app00 build complete]
